{
  message: 'this is some error message',
  level: 'error',
  label: 'CUSTOM_FORMAT',
  timestamp: '2023-04-07T09:40:52.930Z'
}
{
  message: 'this is some error message',
  level: 'error',
  label: 'CUSTOM_FORMAT',
  timestamp: '2023-04-07T09:41:05.078Z'
}
{
  message: 'this is some error message',
  level: 'error',
  label: 'CUSTOM_FORMAT',
  timestamp: '2023-04-07T09:41:11.194Z'
}
{
  message: 'this is some error message',
  level: 'error',
  label: 'CUSTOM_FORMAT',
  timestamp: '2023-04-07T09:41:47.043Z'
}
{
  message: 'this is some error message',
  level: 'error',
  label: 'CUSTOM_FORMAT',
  timestamp: '2023-04-07T09:41:52.115Z'
}
{
  message: 'this is some error message',
  level: 'error',
  label: 'CUSTOM_FORMAT',
  timestamp: '2023-04-07T09:41:57.294Z'
}
{
  message: 'this is some error message',
  level: 'error',
  label: 'CUSTOM_FORMAT',
  timestamp: '2023-04-07T09:42:09.848Z'
}
{
  message: 'this is some error message',
  level: 'error',
  label: 'CUSTOM_FORMAT',
  timestamp: '2023-04-07T09:44:26.334Z'
}
{
  message: 'this is some error message',
  level: 'error',
  label: 'CUSTOM_FORMAT',
  timestamp: '2023-04-07T09:44:32.761Z'
}
{
  message: 'this is some error message',
  level: 'error',
  label: 'CUSTOM_FORMAT',
  timestamp: '2023-04-07T09:44:36.948Z'
}
{
  message: 'this is some error message',
  level: 'error',
  label: 'CUSTOM_FORMAT',
  timestamp: '2023-04-07T09:44:43.007Z'
}
